{"name": "Проверка оформления заказа", "status": "broken", "statusDetails": {"message": "selenium.common.exceptions.TimeoutException: Message: \nStacktrace:\nRemoteError@chrome://remote/content/shared/RemoteError.sys.mjs:8:8\nWebDriverError@chrome://remote/content/shared/webdriver/Errors.sys.mjs:183:5\nNoSuchElementError@chrome://remote/content/shared/webdriver/Errors.sys.mjs:395:5\nelement.find/</<@chrome://remote/content/marionette/element.sys.mjs:134:16", "trace": "self = <test_make_order.TestMakeOrder object at 0x000002194AD17750>, button = ('xpath', './/button[@class=\"Button_Button__ra12g Button_Middle__1CSJM\" and text()=\"Заказать\"]')\nname = 'Ольга', surname = 'Ромашкина', address = 'ул.Зеленая д.14', metro_station = 'Белорусская', phone_number = '+79098765411', rent_date = '26.05.2023', rent_period = 'двое суток'\nblack_color = False, grey_color = True, comment = 'Оставьте его у красной скамейки'\n\n    @allure.title(\"Проверка оформления заказа\")\n    @pytest.mark.parametrize('button, name, surname, address, metro_station, phone_number, rent_date, rent_period,'\n                             'black_color, grey_color, comment', [(user_1.button, user_1.name, user_1.surname,\n                                                                   user_1.address, user_1.metro_station,\n                                                                   user_1.phone_number, user_1.rent_date,\n                                                                   user_1.rent_period, user_1.black_color,\n                                                                   user_1.grey_color, user_1.comment),\n                                                                  (user_2.button, user_2.name, user_2.surname,\n                                                                   user_2.address, user_2.metro_station,\n                                                                   user_2.phone_number, user_2.rent_date,\n                                                                   user_2.rent_period, user_2.black_color,\n                                                                   user_2.grey_color, user_2.comment)\n                                                                  ])\n    def test_make_order_click_header_order_button(self, button, name, surname, address, metro_station, phone_number,\n                                                  rent_date, rent_period,\n                                                  black_color, grey_color, comment):\n        order_page = OrderPage(self.driver)\n        self.driver.find_element(*button).click()\n    \n>       order_page.make_order(name, surname, address, metro_station, phone_number, rent_date, rent_period,\n                              black_color, grey_color, comment)\n\ntests\\test_make_order.py:40: \n_ _ _ _ _ _ _ _ _ _ _ _ _ _ _ _ _ _ _ _ _ _ _ _ _ _ _ _ _ _ _ _ _ _ _ _ _ _ _ _ _ _ _ _ _ _ _ _ _ _ _ _ _ _ _ _ _ _ _ _ _ _ _ _ _ _ _ _ _ _ _ _ _ _ _ _ _ _ _ _ _ _ _ _ _ _ _ _ _ _ _ _\npages\\order_page.py:88: in make_order\n    self.set_phone_number(number)\npages\\order_page.py:39: in set_phone_number\n    WebDriverWait(self.driver, 10).until(expected_conditions.visibility_of_element_located(OrderPageLocators.LOCATOR_PHONE_NUMBER_FIELD))\n_ _ _ _ _ _ _ _ _ _ _ _ _ _ _ _ _ _ _ _ _ _ _ _ _ _ _ _ _ _ _ _ _ _ _ _ _ _ _ _ _ _ _ _ _ _ _ _ _ _ _ _ _ _ _ _ _ _ _ _ _ _ _ _ _ _ _ _ _ _ _ _ _ _ _ _ _ _ _ _ _ _ _ _ _ _ _ _ _ _ _ _\n\nself = <selenium.webdriver.support.wait.WebDriverWait (session=\"1b892882-29a4-4343-b86a-793c5d38cdf4\")>\nmethod = <function visibility_of_element_located.<locals>._predicate at 0x000002194AD40360>, message = ''\n\n    def until(self, method, message: str = \"\"):\n        \"\"\"Calls the method provided with the driver as an argument until the \\\n        return value does not evaluate to ``False``.\n    \n        :param method: callable(WebDriver)\n        :param message: optional message for :exc:`TimeoutException`\n        :returns: the result of the last call to `method`\n        :raises: :exc:`selenium.common.exceptions.TimeoutException` if timeout occurs\n        \"\"\"\n        screen = None\n        stacktrace = None\n    \n        end_time = time.monotonic() + self._timeout\n        while True:\n            try:\n                value = method(self._driver)\n                if value:\n                    return value\n            except self._ignored_exceptions as exc:\n                screen = getattr(exc, \"screen\", None)\n                stacktrace = getattr(exc, \"stacktrace\", None)\n            time.sleep(self._poll)\n            if time.monotonic() > end_time:\n                break\n>       raise TimeoutException(message, screen, stacktrace)\nE       selenium.common.exceptions.TimeoutException: Message: \nE       Stacktrace:\nE       RemoteError@chrome://remote/content/shared/RemoteError.sys.mjs:8:8\nE       WebDriverError@chrome://remote/content/shared/webdriver/Errors.sys.mjs:183:5\nE       NoSuchElementError@chrome://remote/content/shared/webdriver/Errors.sys.mjs:395:5\nE       element.find/</<@chrome://remote/content/marionette/element.sys.mjs:134:16\n\n..\\..\\..\\..\\AppData\\Local\\Programs\\Python\\Python311\\Lib\\site-packages\\selenium\\webdriver\\support\\wait.py:95: TimeoutException"}, "steps": [{"name": "Оформляем заказ", "status": "broken", "statusDetails": {"message": "selenium.common.exceptions.TimeoutException: Message: \nStacktrace:\nRemoteError@chrome://remote/content/shared/RemoteError.sys.mjs:8:8\nWebDriverError@chrome://remote/content/shared/webdriver/Errors.sys.mjs:183:5\nNoSuchElementError@chrome://remote/content/shared/webdriver/Errors.sys.mjs:395:5\nelement.find/</<@chrome://remote/content/marionette/element.sys.mjs:134:16\n\n", "trace": "  File \"C:\\Users\\User\\AppData\\Local\\Programs\\Python\\Python311\\Lib\\site-packages\\allure_commons\\_allure.py\", line 192, in impl\n    return func(*a, **kw)\n           ^^^^^^^^^^^^^^\n  File \"C:\\Users\\User\\Desktop\\Python\\yandex\\sprint_4_final\\pages\\order_page.py\", line 88, in make_order\n    self.set_phone_number(number)\n  File \"C:\\Users\\User\\AppData\\Local\\Programs\\Python\\Python311\\Lib\\site-packages\\allure_commons\\_allure.py\", line 192, in impl\n    return func(*a, **kw)\n           ^^^^^^^^^^^^^^\n  File \"C:\\Users\\User\\Desktop\\Python\\yandex\\sprint_4_final\\pages\\order_page.py\", line 39, in set_phone_number\n    WebDriverWait(self.driver, 10).until(expected_conditions.visibility_of_element_located(OrderPageLocators.LOCATOR_PHONE_NUMBER_FIELD))\n  File \"C:\\Users\\User\\AppData\\Local\\Programs\\Python\\Python311\\Lib\\site-packages\\selenium\\webdriver\\support\\wait.py\", line 95, in until\n    raise TimeoutException(message, screen, stacktrace)\n"}, "steps": [{"name": "Заполняем поле 'Имя'", "status": "passed", "parameters": [{"name": "name", "value": "'Ольга'"}], "start": 1684512845583, "stop": 1684512845616}, {"name": "Заполняем поле 'Фамилия'", "status": "passed", "parameters": [{"name": "surname", "value": "'Ромашкина'"}], "start": 1684512845616, "stop": 1684512845648}, {"name": "Заполняем поле 'Адрес'", "status": "passed", "parameters": [{"name": "address", "value": "'ул.Зеленая д.14'"}], "start": 1684512845653, "stop": 1684512845687}, {"name": "Выбираем станцию метро", "status": "passed", "parameters": [{"name": "station", "value": "'Белорусская'"}], "start": 1684512845688, "stop": 1684512845941}, {"name": "Заполняем поле 'Номер телефона'", "status": "broken", "statusDetails": {"message": "selenium.common.exceptions.TimeoutException: Message: \nStacktrace:\nRemoteError@chrome://remote/content/shared/RemoteError.sys.mjs:8:8\nWebDriverError@chrome://remote/content/shared/webdriver/Errors.sys.mjs:183:5\nNoSuchElementError@chrome://remote/content/shared/webdriver/Errors.sys.mjs:395:5\nelement.find/</<@chrome://remote/content/marionette/element.sys.mjs:134:16\n\n", "trace": "  File \"C:\\Users\\User\\AppData\\Local\\Programs\\Python\\Python311\\Lib\\site-packages\\allure_commons\\_allure.py\", line 192, in impl\n    return func(*a, **kw)\n           ^^^^^^^^^^^^^^\n  File \"C:\\Users\\User\\Desktop\\Python\\yandex\\sprint_4_final\\pages\\order_page.py\", line 39, in set_phone_number\n    WebDriverWait(self.driver, 10).until(expected_conditions.visibility_of_element_located(OrderPageLocators.LOCATOR_PHONE_NUMBER_FIELD))\n  File \"C:\\Users\\User\\AppData\\Local\\Programs\\Python\\Python311\\Lib\\site-packages\\selenium\\webdriver\\support\\wait.py\", line 95, in until\n    raise TimeoutException(message, screen, stacktrace)\n"}, "parameters": [{"name": "number", "value": "'+79098765411'"}], "start": 1684512845941, "stop": 1684512856024}], "parameters": [{"name": "name", "value": "'Ольга'"}, {"name": "surname", "value": "'Ромашкина'"}, {"name": "address", "value": "'ул.Зеленая д.14'"}, {"name": "station", "value": "'Белорусская'"}, {"name": "number", "value": "'+79098765411'"}, {"name": "date", "value": "'26.05.2023'"}, {"name": "period", "value": "'двое суток'"}, {"name": "black", "value": "False"}, {"name": "grey", "value": "True"}, {"name": "comment", "value": "'Оставьте его у красной скамейки'"}], "start": 1684512845583, "stop": 1684512856033}], "parameters": [{"name": "button", "value": "('xpath', './/button[@class=\"Button_Button__ra12g Button_Middle__1CSJM\" and text()=\"Заказать\"]')"}, {"name": "name", "value": "'Ольга'"}, {"name": "surname", "value": "'Ромашкина'"}, {"name": "address", "value": "'ул.Зеленая д.14'"}, {"name": "metro_station", "value": "'Белорусская'"}, {"name": "phone_number", "value": "'+79098765411'"}, {"name": "rent_date", "value": "'26.05.2023'"}, {"name": "rent_period", "value": "'двое суток'"}, {"name": "black_color", "value": "False"}, {"name": "grey_color", "value": "True"}, {"name": "comment", "value": "'Оставьте его у красной скамейки'"}], "start": 1684512845358, "stop": 1684512856038, "uuid": "b6f52c4f-ad2f-4b6e-9d91-09b918be3445", "historyId": "df5f4c621cca606b245514a035773403", "testCaseId": "9c2242efc202b0e2415cc0e53d9a7698", "fullName": "tests.test_make_order.TestMakeOrder#test_make_order_click_header_order_button", "labels": [{"name": "parentSuite", "value": "tests"}, {"name": "suite", "value": "test_make_order"}, {"name": "subSuite", "value": "TestMakeOrder"}, {"name": "host", "value": "LAPTOP-52J8U81A"}, {"name": "thread", "value": "6056-MainThread"}, {"name": "framework", "value": "pytest"}, {"name": "language", "value": "cpython3"}, {"name": "package", "value": "tests.test_make_order"}]}